This is e-pTeX, Version 3.14159265-p3.6-150805-2.6 (utf8.sjis) (TeX Live 2015/W32TeX) (preloaded format=platex 2015.8.6)  26 JAN 2016 15:17
entering extended mode
 restricted \write18 enabled.
 %&-line parsing enabled.
**./chapter6.tex
(./chapter6.tex
pLaTeX2e <2006/11/10> (based on LaTeX2e <2015/01/01> patch level 2)
Babel <3.9m> and hyphenation patterns for 79 languages loaded.
(./kuee.cls
Document Class: kuee 2005/02/04
(c:/w32tex/share/texmf-dist/tex/platex/base/jreport.cls
Document Class: jreport 2006/06/27 v1.6 Standard pLaTeX class
\c@@paper=\count81
(c:/w32tex/share/texmf-dist/tex/platex/base/jsize12.clo
File: jsize12.clo 2006/06/27 v1.6 Standard pLaTeX file (size option)
)
\c@part=\count82
\c@chapter=\count83
\c@section=\count84
\c@subsection=\count85
\c@subsubsection=\count86
\c@paragraph=\count87
\c@subparagraph=\count88
\c@figure=\count89
\c@table=\count90
\abovecaptionskip=\skip41
\belowcaptionskip=\skip42
\symmincho=\mathgroup4
LaTeX Font Info:    Overwriting symbol font `mincho' in version `bold'
(Font)                  JY1/mc/m/n --> JY1/gt/m/n on input line 677.
\toclineskip=\dimen118
\@lnumwidth=\dimen119
\bibindent=\dimen120
\heisei=\count91
)
\kuee@post=\write3
\@kuee@open=\count92
)
(c:/w32tex/share/texmf-dist/tex/latex/graphics/graphicx.sty
Package: graphicx 2014/10/28 v1.0g Enhanced LaTeX Graphics (DPC,SPQR)

(c:/w32tex/share/texmf-dist/tex/latex/graphics/keyval.sty
Package: keyval 2014/10/28 v1.15 key=value parser (DPC)
\KV@toks@=\toks15
)
(c:/w32tex/share/texmf-dist/tex/latex/graphics/graphics.sty
Package: graphics 2014/10/28 v1.0p Standard LaTeX Graphics (DPC,SPQR)

(c:/w32tex/share/texmf-dist/tex/latex/graphics/trig.sty
Package: trig 1999/03/16 v1.09 sin cos tan (DPC)
)
(c:/w32tex/share/texmf-dist/tex/latex/config/graphics.cfg
File: graphics.cfg 2010/04/23 v1.9 graphics configuration of TeX Live
)
Package graphics Info: Driver file: dvipdfmx.def on input line 94.

(c:/w32tex/share/texmf-dist/tex/latex/dvipdfmx-def/dvipdfmx.def
File: dvipdfmx.def 2015/03/26 v4.04 LaTeX color/graphics driver for dvipdfmx (T
eX Live/ChoF)

(c:/w32tex/share/texmf-dist/tex/generic/oberdiek/infwarerr.sty
Package: infwarerr 2010/04/08 v1.3 Providing info/warning/error messages (HO)
)
(c:/w32tex/share/texmf-dist/tex/generic/oberdiek/ltxcmds.sty
Package: ltxcmds 2011/11/09 v1.22 LaTeX kernel commands for general use (HO)
)))
\Gin@req@height=\dimen121
\Gin@req@width=\dimen122
)
(./kueecite.sty
Package: kueecite 2004/04/20  v 3.8
)

LaTeX Warning: Unused global option(s):
    [syuuron].

(./chapter6.aux)
\openout1 = `chapter6.aux'.

LaTeX Font Info:    Checking defaults for OML/cmm/m/it on input line 13.
LaTeX Font Info:    ... okay on input line 13.
LaTeX Font Info:    Checking defaults for T1/cmr/m/n on input line 13.
LaTeX Font Info:    ... okay on input line 13.
LaTeX Font Info:    Checking defaults for OT1/cmr/m/n on input line 13.
LaTeX Font Info:    ... okay on input line 13.
LaTeX Font Info:    Checking defaults for OMS/cmsy/m/n on input line 13.
LaTeX Font Info:    ... okay on input line 13.
LaTeX Font Info:    Checking defaults for OMX/cmex/m/n on input line 13.
LaTeX Font Info:    ... okay on input line 13.
LaTeX Font Info:    Checking defaults for U/cmr/m/n on input line 13.
LaTeX Font Info:    ... okay on input line 13.
LaTeX Font Info:    Checking defaults for JY1/mc/m/n on input line 13.
LaTeX Font Info:    ... okay on input line 13.
LaTeX Font Info:    Checking defaults for JT1/mc/m/n on input line 13.
LaTeX Font Info:    ... okay on input line 13.
LaTeX Font Info:    External font `cmex10' loaded for size
(Font)              <12> on input line 14.
LaTeX Font Info:    External font `cmex10' loaded for size
(Font)              <8> on input line 14.
LaTeX Font Info:    External font `cmex10' loaded for size
(Font)              <6> on input line 14.
LaTeX Font Info:    External font `cmex10' loaded for size
(Font)              <20.74> on input line 14.
LaTeX Font Info:    External font `cmex10' loaded for size
(Font)              <14.4> on input line 14.
 [0]
\clearpage
LaTeX Font Info:    Font shape `JT1/mc/bx/n' in size <20.74> not available
(Font)              Font shape `JT1/gt/m/n' tried instead on input line 15.
LaTeX Font Info:    Font shape `JY1/mc/bx/n' in size <20.74> not available
(Font)              Font shape `JY1/gt/m/n' tried instead on input line 15.
(./chapter6.toc
LaTeX Font Info:    Font shape `JT1/mc/bx/n' in size <12> not available
(Font)              Font shape `JT1/gt/m/n' tried instead on input line 1.
LaTeX Font Info:    Font shape `JY1/mc/bx/n' in size <12> not available
(Font)              Font shape `JY1/gt/m/n' tried instead on input line 1.
)
\tf@toc=\write4
\openout4 = `chapter6.toc'.

 [1


]
\clearpage
第{1}章.
\openout3 = `chapter6.fff'.

(chapter6.fff)
LaTeX Font Info:    Font shape `JT1/mc/bx/n' in size <17.28> not available
(Font)              Font shape `JT1/gt/m/n' tried instead on input line 20.
LaTeX Font Info:    Font shape `JY1/mc/bx/n' in size <17.28> not available
(Font)              Font shape `JY1/gt/m/n' tried instead on input line 20.

Overfull \hbox (0.22108pt too wide) in paragraph at lines 27--42
\JY1/mc/m/n/12 用による変動に分解することによ っ て 、 要因および交互作用の効果
を判定する 。 は
 []

[1

]
LaTeX Font Info:    Font shape `JT1/mc/bx/n' in size <14.4> not available
(Font)              Font shape `JT1/gt/m/n' tried instead on input line 73.
LaTeX Font Info:    Font shape `JY1/mc/bx/n' in size <14.4> not available
(Font)              Font shape `JY1/gt/m/n' tried instead on input line 73.
 [2]
LaTeX Font Info:    Try loading font information for OMS+cmr on input line 89.
 (c:/w32tex/share/texmf-dist/tex/latex/base/omscmr.fd
File: omscmr.fd 2014/09/29 v2.5h Standard LaTeX font definitions
)
LaTeX Font Info:    Font shape `OMS/cmr/m/n' in size <12> not available
(Font)              Font shape `OMS/cmsy/m/n' tried instead on input line 89.

Overfull \hbox (0.2959pt too wide) in paragraph at lines 89--90
[]\JY1/mc/m/n/12 ネ ッ トワ ーク表示では拡大と移動を行わなければ文章を読み取る
ことができ
 []


Overfull \hbox (3.19037pt too wide) in paragraph at lines 90--91
\JY1/mc/m/n/12 置されていることが多いので単語間の関係性が読み取りやすいという点
で優
 []

[3]
Overfull \hbox (0.28262pt too wide) in paragraph at lines 95--96
[]\JY1/mc/m/n/12 ある特定の単語にマウスオ ーバ ーすることで 、 関連する単語が浮
かび上がる
 []


Overfull \hbox (0.28262pt too wide) in paragraph at lines 95--96
\JY1/mc/m/n/12 動作は 、 明確な検索ワ ードを持ち合わせていないけれども探索を行
いたい時
 []


Overfull \hbox (0.28262pt too wide) in paragraph at lines 96--97
\JY1/mc/m/n/12 で確認することができるため 、 より自由な発想につながる可能性を感
じまし
 []


Overfull \hbox (3.19037pt too wide) in paragraph at lines 98--99
[]\JY1/mc/m/n/12 空白部分があるので全体的に文字サイズを少し大きく出来るのではな
いかと
 []

[4]
No file chapter6.bbl.
[5

] [6

] AED kuee: Processing end Figures and Tables [7] (./chapter6.fff)
(./chapter6.aux) ) 
Here is how much of TeX's memory you used:
 1011 strings out of 493771
 12589 string characters out of 6153132
 71540 words of memory out of 5000000
 4532 multiletter control sequences out of 15000+600000
 17689 words of font info for 68 fonts, out of 8000000 for 9000
 929 hyphenation exceptions out of 8191
 28i,8n,24p,293b,342s stack positions out of 5000i,500n,10000p,500000b,80000s

Output written on chapter6.dvi (9 pages, 23404 bytes).
