This is e-pTeX, Version 3.14159265-p3.6-150805-2.6 (utf8.sjis) (TeX Live 2015/W32TeX) (preloaded format=platex 2015.8.6)  2 FEB 2016 18:31
entering extended mode
 restricted \write18 enabled.
 %&-line parsing enabled.
**./syuron.tex
(./syuron.tex
pLaTeX2e <2006/11/10> (based on LaTeX2e <2015/01/01> patch level 2)
Babel <3.9m> and hyphenation patterns for 79 languages loaded.
(./kuee.cls
Document Class: kuee 2005/02/04
(c:/w32tex/share/texmf-dist/tex/platex/base/jreport.cls
Document Class: jreport 2006/06/27 v1.6 Standard pLaTeX class
\c@@paper=\count81
(c:/w32tex/share/texmf-dist/tex/platex/base/jsize12.clo
File: jsize12.clo 2006/06/27 v1.6 Standard pLaTeX file (size option)
)
\c@part=\count82
\c@chapter=\count83
\c@section=\count84
\c@subsection=\count85
\c@subsubsection=\count86
\c@paragraph=\count87
\c@subparagraph=\count88
\c@figure=\count89
\c@table=\count90
\abovecaptionskip=\skip41
\belowcaptionskip=\skip42
\symmincho=\mathgroup4
LaTeX Font Info:    Overwriting symbol font `mincho' in version `bold'
(Font)                  JY1/mc/m/n --> JY1/gt/m/n on input line 677.
\toclineskip=\dimen118
\@lnumwidth=\dimen119
\bibindent=\dimen120
\heisei=\count91
)
\kuee@post=\write3
\@kuee@open=\count92
)
(c:/w32tex/share/texmf-dist/tex/latex/graphics/graphicx.sty
Package: graphicx 2014/10/28 v1.0g Enhanced LaTeX Graphics (DPC,SPQR)

(c:/w32tex/share/texmf-dist/tex/latex/graphics/keyval.sty
Package: keyval 2014/10/28 v1.15 key=value parser (DPC)
\KV@toks@=\toks15
)
(c:/w32tex/share/texmf-dist/tex/latex/graphics/graphics.sty
Package: graphics 2014/10/28 v1.0p Standard LaTeX Graphics (DPC,SPQR)

(c:/w32tex/share/texmf-dist/tex/latex/graphics/trig.sty
Package: trig 1999/03/16 v1.09 sin cos tan (DPC)
)
(c:/w32tex/share/texmf-dist/tex/latex/config/graphics.cfg
File: graphics.cfg 2010/04/23 v1.9 graphics configuration of TeX Live
)
Package graphics Info: Driver file: dvipdfmx.def on input line 94.

(c:/w32tex/share/texmf-dist/tex/latex/dvipdfmx-def/dvipdfmx.def
File: dvipdfmx.def 2015/03/26 v4.04 LaTeX color/graphics driver for dvipdfmx (T
eX Live/ChoF)

(c:/w32tex/share/texmf-dist/tex/generic/oberdiek/infwarerr.sty
Package: infwarerr 2010/04/08 v1.3 Providing info/warning/error messages (HO)
)
(c:/w32tex/share/texmf-dist/tex/generic/oberdiek/ltxcmds.sty
Package: ltxcmds 2011/11/09 v1.22 LaTeX kernel commands for general use (HO)
)))
\Gin@req@height=\dimen121
\Gin@req@width=\dimen122
)
(./kueecite.sty
Package: kueecite 2004/04/20  v 3.8
) (c:/w32tex/share/texmf-dist/tex/latex/amsmath/amsmath.sty
Package: amsmath 2013/01/14 v2.14 AMS math features
\@mathmargin=\skip43

For additional information on amsmath, use the `?' option.
(c:/w32tex/share/texmf-dist/tex/latex/amsmath/amstext.sty
Package: amstext 2000/06/29 v2.01

(c:/w32tex/share/texmf-dist/tex/latex/amsmath/amsgen.sty
File: amsgen.sty 1999/11/30 v2.0
\@emptytoks=\toks16
\ex@=\dimen123
))
(c:/w32tex/share/texmf-dist/tex/latex/amsmath/amsbsy.sty
Package: amsbsy 1999/11/29 v1.2d
\pmbraise@=\dimen124
)
(c:/w32tex/share/texmf-dist/tex/latex/amsmath/amsopn.sty
Package: amsopn 1999/12/14 v2.01 operator names
)
\inf@bad=\count93
LaTeX Info: Redefining \frac on input line 210.
\uproot@=\count94
\leftroot@=\count95
LaTeX Info: Redefining \overline on input line 306.
\classnum@=\count96
\DOTSCASE@=\count97
LaTeX Info: Redefining \ldots on input line 378.
LaTeX Info: Redefining \dots on input line 381.
LaTeX Info: Redefining \cdots on input line 466.
\Mathstrutbox@=\box41
\strutbox@=\box42
\big@size=\dimen125
LaTeX Font Info:    Redeclaring font encoding OML on input line 566.
LaTeX Font Info:    Redeclaring font encoding OMS on input line 567.
\macc@depth=\count98
\c@MaxMatrixCols=\count99
\dotsspace@=\muskip10
\c@parentequation=\count100
\dspbrk@lvl=\count101
\tag@help=\toks17
\row@=\count102
\column@=\count103
\maxfields@=\count104
\andhelp@=\toks18
\eqnshift@=\dimen126
\alignsep@=\dimen127
\tagshift@=\dimen128
\tagwidth@=\dimen129
\totwidth@=\dimen130
\lineht@=\dimen131
\@envbody=\toks19
\multlinegap=\skip44
\multlinetaggap=\skip45
\mathdisplay@stack=\toks20
LaTeX Info: Redefining \[ on input line 2665.
LaTeX Info: Redefining \] on input line 2666.
)

LaTeX Warning: Unused global option(s):
    [syuuron].

(./syuron.aux)
\openout1 = `syuron.aux'.

LaTeX Font Info:    Checking defaults for OML/cmm/m/it on input line 14.
LaTeX Font Info:    ... okay on input line 14.
LaTeX Font Info:    Checking defaults for T1/cmr/m/n on input line 14.
LaTeX Font Info:    ... okay on input line 14.
LaTeX Font Info:    Checking defaults for OT1/cmr/m/n on input line 14.
LaTeX Font Info:    ... okay on input line 14.
LaTeX Font Info:    Checking defaults for OMS/cmsy/m/n on input line 14.
LaTeX Font Info:    ... okay on input line 14.
LaTeX Font Info:    Checking defaults for OMX/cmex/m/n on input line 14.
LaTeX Font Info:    ... okay on input line 14.
LaTeX Font Info:    Checking defaults for U/cmr/m/n on input line 14.
LaTeX Font Info:    ... okay on input line 14.
LaTeX Font Info:    Checking defaults for JY1/mc/m/n on input line 14.
LaTeX Font Info:    ... okay on input line 14.
LaTeX Font Info:    Checking defaults for JT1/mc/m/n on input line 14.
LaTeX Font Info:    ... okay on input line 14.
 [0]
\clearpage
LaTeX Font Info:    Font shape `JT1/mc/bx/n' in size <20.74> not available
(Font)              Font shape `JT1/gt/m/n' tried instead on input line 16.
LaTeX Font Info:    Font shape `JY1/mc/bx/n' in size <20.74> not available
(Font)              Font shape `JY1/gt/m/n' tried instead on input line 16.
(./syuron.toc
LaTeX Font Info:    Font shape `JT1/mc/bx/n' in size <12> not available
(Font)              Font shape `JT1/gt/m/n' tried instead on input line 1.
LaTeX Font Info:    Font shape `JY1/mc/bx/n' in size <12> not available
(Font)              Font shape `JY1/gt/m/n' tried instead on input line 1.
 [1


])
\tf@toc=\write4
\openout4 = `syuron.toc'.

 [2]
\clearpage
第{1}章.
\openout3 = `syuron.fff'.

(syuron.fff)
LaTeX Font Info:    Try loading font information for OMS+cmr on input line 41.
 (c:/w32tex/share/texmf-dist/tex/latex/base/omscmr.fd
File: omscmr.fd 2014/09/29 v2.5h Standard LaTeX font definitions
)
LaTeX Font Info:    Font shape `OMS/cmr/m/n' in size <8> not available
(Font)              Font shape `OMS/cmsy/m/n' tried instead on input line 41.
 [1

]
Overfull \hbox (3.19481pt too wide) in paragraph at lines 68--84
[]\JY1/mc/m/n/12 以上の問題を解決するために本論文は ， 評価項目内に出現する単語
の頻度と ， 評
 []

[2] [3] [4]
第{2}章.
LaTeX Font Info:    Font shape `JT1/mc/bx/n' in size <17.28> not available
(Font)              Font shape `JT1/gt/m/n' tried instead on input line 136.
LaTeX Font Info:    Font shape `JY1/mc/bx/n' in size <17.28> not available
(Font)              Font shape `JY1/gt/m/n' tried instead on input line 136.
Missing character: There is no ^^ef in font cmr12!
Missing character: There is no ^^bd in font cmr12!
Missing character: There is no ^^a5 in font cmr12!
[5

] [6] [7]
Overfull \hbox (3.12883pt too wide) in paragraph at lines 246--252
\JY1/mc/m/n/12 スタ ー分析や共起ネ ッ トワ ークを行う手法 ， 内容が似た文書の群
を探すクラスタ ー
 []

[8]
Overfull \hbox (4.9522pt too wide) in paragraph at lines 254--293
\OT1/cmr/m/n/12 Riehmann \JY1/mc/m/n/12 らも ， \OT1/cmr/m/n/12 keyword-in-cont
ext \JY1/mc/m/n/12 検索結果を可視化する例文検索ツ ール \OT1/cmr/m/n/12 WORD-
 []

[9]
LaTeX Font Info:    Font shape `OMS/cmr/m/n' in size <12> not available
(Font)              Font shape `OMS/cmsy/m/n' tried instead on input line 301.
 [10]
Overfull \hbox (0.6186pt too wide) in paragraph at lines 314--329
\JY1/mc/m/n/12 維持した重複阻止が達成された ． \OT1/cmr/m/n/12 Stro-belt \JY1/m
c/m/n/12 らは \OT1/cmr/m/n/12 Rwordle-C \JY1/mc/m/n/12 を提案した []． \OT1/cmr
/m/n/12 Rwordle-
 []

[11] [12]
第{3}章.

Overfull \hbox (3.11555pt too wide) in paragraph at lines 360--365
\JY1/mc/m/n/12 接リストを使用する ． 評価項目のラベルであるテキストから形態素解
析を行い ， 形
 []


Overfull \hbox (7.2101pt too wide) in paragraph at lines 366--376
\JY1/mc/m/n/12 記載されている ． 提案手法では ， 形態素解析に日本語形態素解析シ
ステム \OT1/cmr/m/n/12 MeCab[]
 []

[13

]
LaTeX Font Info:    Font shape `JT1/mc/bx/n' in size <14.4> not available
(Font)              Font shape `JT1/gt/m/n' tried instead on input line 386.
LaTeX Font Info:    Font shape `JY1/mc/bx/n' in size <14.4> not available
(Font)              Font shape `JY1/gt/m/n' tried instead on input line 386.
 [14] [15] [16]
Missing character: There is no ^^e2 in font cmr12!
Missing character: There is no ^^81 in font cmr12!
Missing character: There is no ^^84 in font cmr12!
Missing character: There is no ^^e2 in font cmr12!
Missing character: There is no ^^81 in font cmr12!
Missing character: There is no ^^a1 in font cmr12!
Missing character: There is no ^^e2 in font cmr12!
Missing character: There is no ^^81 in font cmr12!
Missing character: There is no ^^a1 in font cmr12!


LaTeX Font Warning: Command \sl invalid in math mode on input line 526.


LaTeX Font Warning: Command \sl invalid in math mode on input line 526.


LaTeX Font Warning: Command \sl invalid in math mode on input line 526.


LaTeX Font Warning: Command \sl invalid in math mode on input line 539.


LaTeX Font Warning: Command \sl invalid in math mode on input line 539.


LaTeX Font Warning: Command \sl invalid in math mode on input line 544.


LaTeX Font Warning: Command \sl invalid in math mode on input line 546.


Overfull \hbox (2.37964pt too wide) in paragraph at lines 544--547
\JY1/mc/m/n/12 項であり， この関数の目的はセルを狭い範囲で簡潔に表すことである 
． エネルギ ー
 []

[17]

LaTeX Font Warning: Command \sl invalid in math mode on input line 549.


LaTeX Font Warning: Command \sl invalid in math mode on input line 557.


LaTeX Font Warning: Command \sl invalid in math mode on input line 560.


LaTeX Font Warning: Command \sl invalid in math mode on input line 565.


LaTeX Font Warning: Command \sl invalid in math mode on input line 568.

[18] [19] [20]
第{4}章.

Overfull \hbox (1.70769pt too wide) in paragraph at lines 659--666
[]\JY1/mc/m/n/12 分析者はどのような単語や評価項目が評価構造内に現れているかに関
心がある ．
 []

[21

]
Overfull \hbox (0.30034pt too wide) in paragraph at lines 683--685
[]\JY1/mc/m/n/12 前節で述べたシステム要件をもとに ， 評価構造分析システムの開発
を行 っ た ． 本
 []

[22] [23] [24] [25]
第{5}章.

Overfull \hbox (5.34016pt too wide) in paragraph at lines 788--795
\JY1/mc/m/n/12 の中で ， ネ ッ トワ ーク図と \OT1/cmr/m/n/12 Word Cloud \JY1/mc
/m/n/12 間の連携部分以外は実装されている ． \OT1/cmr/m/n/12 Nword
 []


Overfull \hbox (1.2044pt too wide) in paragraph at lines 797--807
[]\JY1/mc/m/n/12 実験には \OT1/cmr/m/n/12 3 \JY1/mc/m/n/12 種類の評価構造デ ー
タを使用する ． 評価構造のデ ータとして ， \OT1/cmr/m/n/12 E-Grid
 []

[26

] [27] [28] [29]
第{6}章.
[30

]
Overfull \hbox (0.65213pt too wide) in paragraph at lines 932--939
\JY1/mc/m/n/12 ウの 「 マイナスイオンで癒やされたい 」 以外のチ ェ ッ クボ ッ 
クスを外し ， ネ ッ トワ ー
 []

[31]
Overfull \hbox (0.2959pt too wide) in paragraph at lines 962--963
[]\JY1/mc/m/n/12 ネ ッ トワ ーク図では拡大と移動を行わなければ文章を読み取るこ
とができな
 []


Overfull \hbox (3.19037pt too wide) in paragraph at lines 963--964
\JY1/mc/m/n/12 置されていることが多いので単語間の関係性が読み取りやすいという点
で優
 []

[32]
Overfull \hbox (0.28262pt too wide) in paragraph at lines 968--969
[]\JY1/mc/m/n/12 ある特定の単語にマウスオ ーバ ーすることで ， 関連する単語が浮
かび上がる
 []


Overfull \hbox (0.28262pt too wide) in paragraph at lines 968--969
\JY1/mc/m/n/12 動作は ， 明確な検索ワ ードを持ち合わせていないけれども探索を行
いたい時
 []


Overfull \hbox (0.28262pt too wide) in paragraph at lines 969--970
\JY1/mc/m/n/12 ジで確認することができるため ， より自由な発想につながる可能性を
感じま
 []


Overfull \hbox (0.2959pt too wide) in paragraph at lines 970--971
[]\JY1/mc/m/n/12 空白部分があるので全体的にフ ォ ントサイズを少し大きく出来るの
ではない
 []

[33]
第{7}章.
[34

] [35] [36] [37]
第{8}章.

Overfull \hbox (3.11555pt too wide) in paragraph at lines 1176--1180
\JY1/mc/m/n/12 構造分析の非効率化という問題に対して ， 評価項目内に出現する単語
の頻度と ， 評
 []

[38

] [39] [40]
Overfull \hbox (1.17323pt too wide) in paragraph at lines 1243--1254
\JY1/mc/m/n/12 わたるご指摘を賜りました ． 神戸大学 システム情報学研究科の坂本
尚久講師には ，
 []

No file syuron.bbl.
[41

] [42

]
Underfull \hbox (badness 2150) in paragraph at lines 1276--1277
[]\JY1/mc/m/n/12 樋口耕一 ， テキスト型デ ータの計量的分析 ， 理論と方法 ， 数
理社会学会 ，
 []

Missing character: There is no ^^c3 in font cmr12!
Missing character: There is no ^^a9 in font cmr12!
Missing character: There is no ^^e2 in font cmr12!
Missing character: There is no ^^80 in font cmr12!
Missing character: There is no ^^93 in font cmr12!
[43]
Missing character: There is no ^^e2 in font cmr12!
Missing character: There is no ^^80 in font cmr12!
Missing character: There is no ^^93 in font cmr12!
 AED kuee: Processing end Figures and Tables [44] (./syuron.fff
File: ./png/es1.JPG Graphic file (type bmp)

<./png/es1.JPG>
Overfull \hbox (14.63324pt too wide) in paragraph at lines 10--11
 [] 
 []

File: ./png/es2.JPG Graphic file (type bmp)
<./png/es2.JPG>
Overfull \hbox (14.63324pt too wide) in paragraph at lines 22--23
 [] 
 []

File: ./png/es3.JPG Graphic file (type bmp)
<./png/es3.JPG>
Overfull \hbox (14.63324pt too wide) in paragraph at lines 34--35
 [] 
 []

[45] [46]
File: ./png/egm1.JPG Graphic file (type bmp)
 <./png/egm1.JPG>
Overfull \hbox (14.63324pt too wide) in paragraph at lines 51--52
 [] 
 []

[47]
File: ./png/met1.JPG Graphic file (type bmp)
 <./png/met1.JPG>
Overfull \hbox (14.63324pt too wide) in paragraph at lines 68--69
 [] 
 []

File: ./png/met2.JPG Graphic file (type bmp)
<./png/met2.JPG>
Overfull \hbox (14.63324pt too wide) in paragraph at lines 80--81
 [] 
 []

File: ./png/met3.JPG Graphic file (type bmp)
<./png/met3.JPG>
Overfull \hbox (14.63324pt too wide) in paragraph at lines 92--93
 [] 
 []

[48] [49]
File: ./png/sys1.JPG Graphic file (type bmp)
 <./png/sys1.JPG>
Overfull \hbox (14.63324pt too wide) in paragraph at lines 109--110
 [] 
 []

File: ./png/sys2.JPG Graphic file (type bmp)
<./png/sys2.JPG>
Overfull \hbox (14.63324pt too wide) in paragraph at lines 121--122
 [] 
 []

[50]
File: ./png/que1.JPG Graphic file (type bmp)
 <./png/que1.JPG>
Overfull \hbox (14.63324pt too wide) in paragraph at lines 138--139
 [] 
 []

File: ./png/que2.JPG Graphic file (type bmp)
<./png/que2.JPG>
Overfull \hbox (14.63324pt too wide) in paragraph at lines 150--151
 [] 
 []

File: ./png/que3.JPG Graphic file (type bmp)
<./png/que3.JPG>
Overfull \hbox (14.63324pt too wide) in paragraph at lines 162--163
 [] 
 []

[51] [52]
File: ./png/res1.JPG Graphic file (type bmp)
 <./png/res1.JPG>
Overfull \hbox (14.63324pt too wide) in paragraph at lines 179--180
 [] 
 []

File: ./png/res2.JPG Graphic file (type bmp)
<./png/res2.JPG>
Overfull \hbox (14.63324pt too wide) in paragraph at lines 191--192
 [] 
 []


LaTeX Warning: Text page 53 contains only floats.

[53






]
File: ./png/res3.JPG Graphic file (type bmp)
 <./png/res3.JPG>
Overfull \hbox (14.63324pt too wide) in paragraph at lines 203--204
 [] 
 []

File: ./png/res4.JPG Graphic file (type bmp)
<./png/res4.JPG>
Overfull \hbox (14.63324pt too wide) in paragraph at lines 215--216
 [] 
 []


LaTeX Warning: Text page 54 contains only floats.

[54]
File: ./png/res5.JPG Graphic file (type bmp)
 <./png/res5.JPG>
Overfull \hbox (14.63324pt too wide) in paragraph at lines 227--228
 [] 
 []

File: ./png/res6.JPG Graphic file (type bmp)
<./png/res6.JPG>
Overfull \hbox (14.63324pt too wide) in paragraph at lines 239--240
 [] 
 []

File: ./png/res7.JPG Graphic file (type bmp)
<./png/res7.JPG>
Overfull \hbox (14.63324pt too wide) in paragraph at lines 251--252
 [] 
 []

File: ./png/res8.JPG Graphic file (type bmp)
<./png/res8.JPG>
Overfull \hbox (14.63324pt too wide) in paragraph at lines 263--264
 [] 
 []

File: ./png/res9.JPG Graphic file (type bmp)
<./png/res9.JPG>
Overfull \hbox (14.63324pt too wide) in paragraph at lines 275--276
 [] 
 []

File: ./png/cas1.JPG Graphic file (type bmp)
<./png/cas1.JPG>
Overfull \hbox (14.63324pt too wide) in paragraph at lines 287--288
 [] 
 []

File: ./png/cas2.JPG Graphic file (type bmp)
<./png/cas2.JPG>
Overfull \hbox (14.63324pt too wide) in paragraph at lines 299--300
 [] 
 []

[55] [56] [57] [58]
File: ./png/res10.JPG Graphic file (type bmp)
 <./png/res10.JPG>
Overfull \hbox (14.63324pt too wide) in paragraph at lines 316--317
 [] 
 []

[59]) (./syuron.aux) ) 
Here is how much of TeX's memory you used:
 1740 strings out of 493771
 21135 string characters out of 6153132
 84974 words of memory out of 5000000
 5208 multiletter control sequences out of 15000+600000
 21191 words of font info for 82 fonts, out of 8000000 for 9000
 929 hyphenation exceptions out of 8191
 28i,14n,24p,278b,404s stack positions out of 5000i,500n,10000p,500000b,80000s

Output written on syuron.dvi (62 pages, 173188 bytes).
